https://uploads0.wikiart.org/images/jean-fouquet/capture-of-jerusalem-by-herod-the-great-1475.jpg
https://uploads4.wikiart.org/00372/images/john-glover/screenshot-2021-12-21-152829.png
https://uploads4.wikiart.org/images/jean-baptiste-simeon-chardin/girl-with-racket-and-shuttlecock.jpg
https://uploads8.wikiart.org/images/hassel-smith/untitled-10-1986.jpg
https://uploads5.wikiart.org/images/el-lissitzky/central-park-of-culture-and-leisure-sparrow-hills.jpg
https://uploads1.wikiart.org/images/pierre-bonnard/ambroise-vollard.jpg
https://uploads4.wikiart.org/images/maxfield-parrish/grand-canyon-1902.jpg
https://uploads1.wikiart.org/images/maxfield-parrish/lady-ursula-kneeling-before-pompdebile-from-the-knave-of-hearts-1924.jpg
ttps://uploads1.wikiart.org/images/maxfield-parrish/lady-ursula-kneeling-before-pompdebile-from-the-knave-of-hearts-1924.jpg
-------------------------------------------------
https://uploads8.wikiart.org/00244/images/ancient-egyptian-painting/tomb-of-nakht-harvest.jpg
https://uploads8.wikiart.org/00244/images/ancient-egyptian-painting/ceiling-pattern-tomb-of-qenamun-ca-1479-1400-b-c.jpg
https://uploads2.wikiart.org/00265/images/ancient-greek-painting/torso-del-belvedere-museo-pio-clementino-musei-vaticani-roma-panoramio.jpg
https://uploads2.wikiart.org/images/simone-martini/saint-catherine-of-alexandria-polyptych-1319.jpg
https://uploads2.wikiart.org/00312/images/alvaro-pires-de-evora/lvaro-pires-d-vora-cristo-ressuscitado-aben-oando.jpg
https://uploads7.wikiart.org/00312/images/romanesque-architecture/apse-of-lund-cathedral-sweden-1145.JPG
https://uploads7.wikiart.org/images/claricia/decorated-initial-d.jpg
https://uploads8.wikiart.org/00235/images/viking-art/carved-detail-from-the-oseberg-waggon.jpg
https://uploads6.wikiart.org/00222/images/palma-vecchio/madonna-in-trono-e-santi.JPG
https://uploads3.wikiart.org/images/titian/cameria-daughter-of-suleiman-the-magnificent.jpg
https://uploads6.wikiart.org/00327/images/giulio-romano/jupiter-and-olympia-1534.jpg
https://uploads6.wikiart.org/images/daniele-da-volterra/madonna-with-child-young-saint-john-the-baptist-and-saint-barbara-1548.jpg
https://uploads2.wikiart.org/00309/images/plautilla-nelli/saint-catherine-with-a-lily-0.jpg
https://uploads8.wikiart.org/00248/images/bartolomeo-passerotti/bartolomeo-passarotti-blood-of-the-redeemer.jpg
https://uploads3.wikiart.org/00290/images/palma-il-giovane/palma-il-giovane-allegory-of-the-victory-over-the-league-of-cambrai-detail-wga16910.jpg
https://uploads5.wikiart.org/00115/images/otto-van-veen/sinite-parvulos.jpg
https://uploads5.wikiart.org/00340/images/orazio-gentileschi/finding-of-moses.jpg
https://uploads3.wikiart.org/00274/images/alvaro-pires-de-evora/presentation-on-the-temple.JPG
https://uploads2.wikiart.org/00311/images/stefan-lochner/stefan-lochner-christ-as-man-of-sorrow.jpg
https://uploads0.wikiart.org/images/jean-fouquet/capture-of-jerusalem-by-herod-the-great-1475.jpg
https://uploads7.wikiart.org/00259/images/hugo-van-der-goes/482429-2x.jpg
https://uploads1.wikiart.org/00311/images/hans-holbein-the-elder/hans-holbein-d-014-1.jpg
https://uploads4.wikiart.org/images/matthias-grünewald/demons-armed-with-sticks-detail-from-the-isenheim-altarpiece.jpg
https://uploads1.wikiart.org/images/joachim-patinir/battle-of-pavia.jpg
https://uploads7.wikiart.org/00183/images/marinus-van-reymerswaele/reymerswale-calling-of-st-matthew-1.JPG
https://uploads7.wikiart.org/00202/images/hans-hoffmann/hoffmann-ecce-homo.jpg
https://uploads5.wikiart.org/00381/images/tobias-verhaecht/ddc6997e143ddd63d4066a71cc95d6bc.jpg
https://uploads6.wikiart.org/images/giovanni-bellini/four-allegories-fortune-or-melancholy.jpg
https://uploads7.wikiart.org/images/leonardo-da-vinci/automobile.jpg
https://uploads3.wikiart.org/images/andrea-solario/st-ursula.jpg
https://uploads6.wikiart.org/images/michelangelo/annunciation-study-1547.jpg
https://uploads1.wikiart.org/00168/images/defendente-ferrari/adorazione.jpg
https://uploads1.wikiart.org/00290/images/sebastiano-del-piombo/sebastiano-del-piombo-morte-di-adone-google-art-projectfxd.jpg
https://uploads7.wikiart.org/00298/images/francesco-melzi/melzi-portrait-1.jpg
https://uploads4.wikiart.org/images/donatello/virgin-and-child-with-four-angels.jpg
https://uploads6.wikiart.org/images/paolo-uccello/head-of-prophet-1443-1.jpg
https://uploads1.wikiart.org/images/domenico-veneziano/st-john-in-the-desert.jpg
https://uploads0.wikiart.org/00290/images/gentile-bellini/miracolo-della-reliquia-della-croce-al-ponte-di-san-lorenzo-di-gentile-bellini-dettaglio-6.JPG
https://uploads3.wikiart.org/images/andrea-mantegna/adoration-of-the-magi-1500.jpg
https://uploads4.wikiart.org/00340/images/domenico-ghirlandaio/adoration-of-the-shepherds-1485.jpg
https://uploads7.wikiart.org/images/giotto/annunciation-to-zacharias-1320.jpg
https://uploads1.wikiart.org/00214/images/luca-di-tomme/de-geseling-van-christus-rijksmuseum-sk-a-4003.jpeg
https://uploads4.wikiart.org/images/james-barry/crowning-the-victors-at-olympia.jpg
https://uploads8.wikiart.org/00286/images/gilbert-stuart/dolley-madison-mrs-james-madison-1804.jpg
https://uploads7.wikiart.org/00360/images/saverio-della-gatta/174137.jpg
https://uploads4.wikiart.org/00372/images/john-glover/screenshot-2021-12-21-152829.png
https://uploads2.wikiart.org/00139/images/joseph-anton-koch/joseph-anton-koch-der-grimselpass.jpg
https://uploads7.wikiart.org/images/charles-turner/charles-gordon-lennox-5th-duke-of-richmond-and-lennox-1824.jpg
https://uploads8.wikiart.org/images/john-constable/brighton-beach.jpg
https://uploads7.wikiart.org/00330/images/bartolomeo-pinelli/drawing-in-tivoli-1807-08-ch-18329677.jpg
https://uploads0.wikiart.org/00314/images/albrecht-adam/nach-der-schlacht-bei-wagram.jpg
https://uploads5.wikiart.org/images/william-shayer/fisherwomen.jpg
https://uploads2.wikiart.org/00479/images/horace-vernet/hv101.jpeg
https://uploads5.wikiart.org/images/theodore-gericault/brown-horse-in-the-stalls.jpg
https://uploads4.wikiart.org/images/camille-corot/little-chaville-1825.jpg
https://uploads7.wikiart.org/images/narcisse-virgilio-diaz/the-forest-in-fontainebleau-1867.jpg
https://uploads1.wikiart.org/00381/images/jules-dupre/landscape-with-a-pond-jules-dupre.jpg
https://uploads0.wikiart.org/images/pavel-fedotov/grand-duke-mikhail-pavlovich-visiting-the-camp-of-the-finland-regiment-of-imperial-guards-on-1838.jpg
https://uploads2.wikiart.org/images/john-leech/a-man-and-a-passenger.jpg
https://uploads7.wikiart.org/00260/images/edward-ladell/still-life-with-fruit-and-a-bird-s-nest.jpg
https://uploads2.wikiart.org/images/johan-hendrik-weissenbruch/a-sunlit-townview-with-figures-conversing.jpg
https://uploads1.wikiart.org/00342/images/jules-breton/6bb7e148-e0fa-4f26-9dbd-160c902b92b0.jpg
https://uploads2.wikiart.org/images/aleksey-savrasov/after-the-storm.jpg
https://uploads5.wikiart.org/00316/images/nathaniel-hone-the-younger/landscape-north-county-dublin.jpg
https://uploads5.wikiart.org/images/henry-william-banks-davis/evening-light-1878.jpg
https://uploads1.wikiart.org/00197/images/aleksey-ivanovich-korzukhin/a-korzukhin-collecting-arrears-002.jpg
https://uploads2.wikiart.org/images/annibale-carracci/butcher-s-shop.jpg
https://uploads8.wikiart.org/00381/images/jan-brueghel-the-elder/allegory-of-hearing-sense-of-hearing-or-hearing-jan-brueghel-the-elder-and-peter-paul-rubens.jpg
https://uploads6.wikiart.org/00308/images/peter-paul-rubens/15-the-felicity-of-the-regency-of-marie-de-medici.jpg
https://uploads4.wikiart.org/00142/images/57726d99edc2cb3880b4b602/frans-hals-banquet-of-the-officers-of-the-st-hadrian-civic-guard-company-wga11092.jpg
https://uploads3.wikiart.org/00375/images/cornelis-de-vos/abraham-grapheus-cornelis-de-vos.jpg
https://uploads3.wikiart.org/images/adriaen-van-de-venne/beggars-fighting-1634.jpg
https://uploads3.wikiart.org/00366/images/guercino/cleopatra-and-octavian-guercino.jpg
https://uploads7.wikiart.org/00444/images/clara-peeters/1620still-life-of-fish-and-cat-after-1620.jpg
https://uploads4.wikiart.org/00313/images/juan-van-der-hamen/catalina-de-erauso.jpg
https://uploads6.wikiart.org/images/le-nain-brothers/bacchus-and-ariadne.jpg
https://uploads8.wikiart.org/00129/images/diego-velazquez/coronation-of-the-virgin.jpg
https://uploads3.wikiart.org/images/hippolyte-delaroche/cardinal-mazarin-dying.jpg
https://uploads6.wikiart.org/00281/images/adalbert-schaffer/a-watermelon-and-other-fruit-by-an-ornamental-ewer.jpg
https://uploads4.wikiart.org/00234/images/antonio-ciseri/our-lady-of-the-sacred-heart-by-ciseri.jpg
https://uploads4.wikiart.org/images/william-adolphe-bouguereau/adornment-fields.jpg
https://uploads8.wikiart.org/00362/images/ludwig-knaus/a-portrait-of-a-italian-girl-ludwig-knaus.png
https://uploads2.wikiart.org/images/victor-meirelles/juramento-da-princesa-isabel-1875.jpg
https://uploads6.wikiart.org/00362/images/carl-bloch/carl-heinrich-bloch-a-young-girl-writes-a-letter-1.jpg
https://uploads4.wikiart.org/images/konstantin-makovsky/arab-boy-with-an-orange.jpg
https://uploads4.wikiart.org/images/albert-joseph-moore/amber.jpg
https://uploads8.wikiart.org/images/henryk-siemiradzki/not-detected-278802.jpg
https://uploads1.wikiart.org/images/edouard-debat-ponsan/la-gitane-a-la-toilette-1896.jpg
https://uploads0.wikiart.org/images/giovanni-battista-piranesi/a-view-of-the-progress-of-the-water-castle-julia.jpg
https://uploads1.wikiart.org/images/joseph-wright/an-open-hearth-with-a-fire.jpg
https://uploads3.wikiart.org/images/james-barry/the-education-of-achilles-1772.jpg
https://uploads7.wikiart.org/images/william-hamilton/classical-ruins-1778.jpg
https://uploads1.wikiart.org/images/jacob-van-strij/italian-landscape-with-travellers.jpg
https://uploads7.wikiart.org/images/pierre-paul-prud-hon/crucifixion-1822.jpg
https://uploads7.wikiart.org/images/domingos-sequeira/mulher-com-turbante.jpg
https://uploads6.wikiart.org/00118/images/antoine-jean-gros/equestrian-portrait-of-prince-boris-yusupov-1809.jpg
https://uploads8.wikiart.org/00318/images/george-dawe/alexander-ivanovich-ribopier-by-g-dawe.jpg
https://uploads8.wikiart.org/images/john-gibson/sleeping-shepherd-boy-1818.jpg
https://uploads0.wikiart.org/00312/images/giovanni-battista-gaulli/baciccio-conversione-di-san-paolo-1700-ca-fiastra-ss-lorenzo-e-paolo-01.jpg
https://uploads0.wikiart.org/images/jean-marc-nattier/the-comtesse-de-tilli-res-1750.jpg
https://uploads2.wikiart.org/images/canaletto/capriccio-of-the-rialto-bridge-with-the-lagoon-beyond-1746.jpg
https://uploads4.wikiart.org/images/jean-baptiste-simeon-chardin/girl-with-racket-and-shuttlecock.jpg
https://uploads1.wikiart.org/images/francois-boucher/an-autumn-pastoral-1749.jpg
https://uploads0.wikiart.org/00309/images/pompeo-batoni/pompeo-batoni-truth-and-mercy.jpg
https://uploads3.wikiart.org/00310/images/joseph-marie-vien/joseph-marie-vien-entrance-to-the-gardens-of-the-villa-giulia-1746-1749-nga-62515.jpg
https://uploads5.wikiart.org/images/william-williams/morning-view-of-coalbrookdale-shropshire-1777.jpg
https://uploads4.wikiart.org/images/hubert-robert/fantastic-view-of-tivoli-1789.jpg
https://uploads8.wikiart.org/00329/images/joseph-ducreux/joseph-ducreux-self-portrait-yawning-1783-trivium-art-history.jpg
https://uploads4.wikiart.org/images/john-russell/alexander-turner-1793.jpg
https://uploads7.wikiart.org/images/gilbert-stuart/george-washington-1803.jpg
https://uploads2.wikiart.org/images/thomas-lawrence/caroline-amelia-elizabeth-of-brunswick-1804.jpg
https://uploads5.wikiart.org/00298/images/willem-van-swanenburg/willem-isaacsz-van-swanenburg-lot-and-his-daughters-wga21990-1.jpg
https://uploads5.wikiart.org/images/adriaen-van-de-venne/a-cavalier-at-his-dressing-table.jpg
https://uploads5.wikiart.org/00382/images/pieter-claesz/still-life-of-lemons-and-olives-pewter-plates-a-roemer-and-a-facon-de-venise-wine-glass-on-a-ledge.jpg
https://uploads1.wikiart.org/00206/images/johannes-moreelse/utrecht-moreelse-democrite.JPG
https://uploads8.wikiart.org/00235/images/salomon-koninck/fbe9b48a-4caa-4ae3-be64-130b465f235f-570.Jpeg
https://uploads3.wikiart.org/00381/images/ferdinand-bol/a-lady-with-a-fan-ferdinand-bol-1.jpg
https://uploads4.wikiart.org/images/isaac-van-ostade/a-canal-in-winter.jpg
https://uploads8.wikiart.org/00380/images/jacob-van-ruisdael/jacob-van-ruisdael-a-woodland-landscape-barber-institute-of-fine-arts.jpg
https://uploads8.wikiart.org/images/nicolaes-maes/christ-blessing-the-children-1650.jpg
https://uploads1.wikiart.org/00122/images/rachel-ruysch/flower-bouquet-on-a-marble-table-1746.jpg
https://uploads3.wikiart.org/images/theodore-gericault/colin-alexander-painter.jpg
https://uploads3.wikiart.org/00331/images/jean-francois-portaels/jean-francois-portaels-esther-c1869-meisterdrucke-588687.jpg
https://uploads7.wikiart.org/images/william-holman-hunt/fairlight-downs-sunlight-on-the-sea.jpg
https://uploads5.wikiart.org/images/vasily-polenov/a-yard-1881.jpg
https://uploads5.wikiart.org/00298/images/rudolf-ernst/ernst-rudolph-an-arab-sage.jpg
https://uploads2.wikiart.org/00297/images/nasreddine-dinet/la-lutte-des-baigneuses-etienne-dinet.jpg
https://uploads0.wikiart.org/images/giovanni-fattori/bleifarbenes-meer-1875.jpg
https://uploads2.wikiart.org/00290/images/martin-rico/un-pa-s-cercan-as-de-aza-n-por-mart-n-rico.jpg
https://uploads6.wikiart.org/images/nicolae-grigorescu/pesc-ri-la-grandville-1884.jpg
https://uploads5.wikiart.org/images/marie-bracquemond/pots-de-fleurs-s-vres-1880.jpg
https://uploads3.wikiart.org/images/arkhip-kuindzhi/after-a-rain-1879.jpg
https://uploads5.wikiart.org/images/niccolo-cannicci/inverno-triste-firmato-1899.jpg
https://uploads5.wikiart.org/images/lilla-cabot-perry/a-fairy-tale-1912.jpg
https://uploads7.wikiart.org/images/eva-gonzales/a-box-at-the-italian-theatre-1874.jpg
https://uploads2.wikiart.org/00333/images/maurice-poirson/the-rescue-maurice-poirson.jpg
https://uploads3.wikiart.org/00114/images/thomas-dewing/a-garden-1883.jpg
https://uploads6.wikiart.org/00156/images/laszlo-mednyanszky/a-long-haired-groom-1900.jpeg
https://uploads7.wikiart.org/00494/images/antonio-mancini/12072-1.jpg
https://uploads6.wikiart.org/00171/images/marianne-von-werefkin/zoxy1fgjj0k.jpg
https://uploads6.wikiart.org/images/alexej-von-jawlensky/landschaftstudie-dorfstrasse-1908.jpg
https://uploads0.wikiart.org/images/cuno-amiet/bank-landscape-1928.jpg
https://uploads5.wikiart.org/images/lyonel-feininger/cathedral-of-socialism-1919.jpg
https://uploads8.wikiart.org/images/mstislav-dobuzhinsky/alexandrinsky-theatre-1903.jpg
https://uploads3.wikiart.org/00114/images/samuel-schwarz/village-street-in-the-sun-1912.jpg
https://uploads8.wikiart.org/00323/images/emilie-charmy/autoportrait-1907.jpg
https://uploads7.wikiart.org/images/ernst-ludwig-kirchner/albert-square-in-dresden.jpg
https://uploads2.wikiart.org/images/iosif-iser/burghezi-la-promenad-maria-filotti-i-nicolae-soreanu-1912.jpg
https://uploads1.wikiart.org/00178/images/emil-filla/emil-filla-t-i-gr-cie-1937.jpg
https://uploads5.wikiart.org/images/nikolaos-lytras/landscape-of-athens.jpg
https://uploads7.wikiart.org/images/francis-picabia/calf-worship.jpg
https://uploads8.wikiart.org/images/edward-weston/nude-on-sand-oceano-1935.jpg
https://uploads4.wikiart.org/images/giorgio-de-chirico/booths.jpg
https://uploads6.wikiart.org/images/josef-ma/lieu-1959.jpg
https://uploads2.wikiart.org/images/jean-hugo/fighting-centaurs-1947.jpg
https://uploads7.wikiart.org/00302/images/maurice-tabard/cobblestones-and-snow-1931.jpg
https://uploads8.wikiart.org/images/rene-magritte/a-storm-1932(1).jpg
https://uploads1.wikiart.org/00280/images/yves-tanguy/cadavre-exquis-exquisite-corpse-2.jpg
https://uploads3.wikiart.org/images/wifredo-lam/mofumbe-1943.jpg
https://uploads7.wikiart.org/images/toyen/a-girl-in-the-daydream.jpg
https://uploads6.wikiart.org/images/joseph-cornell/toward-the-blue-peninsula-1952.jpg
https://uploads4.wikiart.org/images/hans-hofmann/composition-no-1-1953.jpg
https://uploads8.wikiart.org/images/bradley-walker-tomlin/number-20-1949-1.jpg
https://uploads4.wikiart.org/images/kenzo-okada/number-2-1954.jpg
https://uploads6.wikiart.org/images/aaron-siskind/new-york-1951.jpg
https://uploads4.wikiart.org/images/clyfford-still/1957-d-no-1-1957(1).jpg
https://uploads5.wikiart.org/images/ulfert-wilke/banners-red-and-orange.jpg
https://uploads7.wikiart.org/images/jack-bush/nude-1954.jpg
https://uploads6.wikiart.org/images/hedda-sterne/machine-5-1950.jpg
https://uploads0.wikiart.org/images/jackson-pollock/composition-white-black-blue-and-red-on-white-1948.jpg
https://uploads1.wikiart.org/images/toko-shinoda/hope-2005.jpg
https://uploads8.wikiart.org/images/arthur-pinajian/untitled-landscape-bellport-no-1168-1984.jpg
https://uploads3.wikiart.org/images/hassel-smith/untitled-yellow-1960.jpg
https://uploads8.wikiart.org/images/hassel-smith/untitled-10-1986.jpg
https://uploads5.wikiart.org/00287/images/hilma-af-klint/hilma-1.jpg
https://uploads5.wikiart.org/images/constantin-brancusi/madame-lr-portrait-de-mme-lr-1918.jpg
https://uploads3.wikiart.org/00178/images/vahram-gaifedjyan/0-1.jpg
https://uploads8.wikiart.org/images/auguste-herbin/cubist-composition-1913.jpg
https://uploads3.wikiart.org/images/jean-arp/frond-and-navel.jpg
https://uploads7.wikiart.org/images/f-lix-del-marle/le-group-vouloir-1925.jpg
https://uploads2.wikiart.org/images/el-lissitzky/book-cover-for-chad-gadya-by-el-lissitzky-1919.jpg
https://uploads5.wikiart.org/images/el-lissitzky/central-park-of-culture-and-leisure-sparrow-hills.jpg
https://uploads3.wikiart.org/images/gerard-schneider/composition-1970.jpg
https://uploads0.wikiart.org/images/friedrich-vordemberge-gildewart/unknown-title(1).jpg
https://uploads4.wikiart.org/images/esteban-vicente/kalani-hawaii-1969.jpg
https://uploads8.wikiart.org/images/willem-de-kooning/fire-island.jpg
https://uploads0.wikiart.org/images/paul-cezanne/achille-emperaire.jpg
https://uploads5.wikiart.org/00273/images/ivan-mrkvicka/jan-vaclav-mrkvicka-1856-1938-devce-z-okoli-pazardziku.jpg
https://uploads2.wikiart.org/images/walter-sickert/girl-at-a-window-little-rachel-1907.jpg
https://uploads0.wikiart.org/images/maxime-maufra/belle-ile-en-mer.jpg
https://uploads2.wikiart.org/00329/images/louis-hayet/color-wheel-by-louis-hayet-1886.JPG
https://uploads4.wikiart.org/images/felix-vallotton/at-the-cafe-also-known-as-the-provincial-1909.jpg
https://uploads1.wikiart.org/images/pierre-bonnard/ambroise-vollard.jpg
https://uploads5.wikiart.org/images/emile-bernard/boy-in-the-grass-1886.jpg
https://uploads5.wikiart.org/00135/images/jozef-mehoffer/cathedrale-vitraux-mehoffer-eucharistie-entier-1.jpg
https://uploads7.wikiart.org/images/maurice-denis/easter-morning-or-easter-mystery.jpg
https://uploads8.wikiart.org/00150/images/alice-bailly/alice-bailly-hinterhof-1.jpg
https://uploads6.wikiart.org/images/john-duncan-fergusson/the-breeze-antibes-1914.jpg
https://uploads8.wikiart.org/00282/images/paul-henry/image.jpg
https://uploads5.wikiart.org/00284/images/francesc-masriera/la-ofendida-de-francisco-masriera-museo-del-prado.jpg
https://uploads8.wikiart.org/images/wilhelm-trubner/bildnis-einer-ordensschwester-in-einem-sommerlichen-garten.jpg
https://uploads3.wikiart.org/00266/images/marianne-stokes/hungary-1909-14803760563.jpg
https://uploads4.wikiart.org/00304/images/ludovic-alleaume/ludovic-alleaume-farandoleuses.jpg
https://uploads6.wikiart.org/images/alphonse-mucha/austria-1899.jpg
https://uploads1.wikiart.org/images/aladar-korosfoi-kriesch/portrait-of-the-artist-s-wife-1896.jpg
https://uploads8.wikiart.org/00243/images/artus-scheiner/3900766429-ed7d708a90-b.jpg
https://uploads6.wikiart.org/images/georges-lemmen/hat-with-a-red-ribbon.jpg
https://uploads6.wikiart.org/images/beatrix-potter/lady-mouse-in-mob-cap.jpg
https://uploads1.wikiart.org/00290/images/fujishima-takeji/beach-by-fujishima-takeji-marubeni-collection.jpg
https://uploads2.wikiart.org/00332/images/leopoldo-metlicovitz/leopoldo-metlicovitz-flouvella.jpg
https://uploads1.wikiart.org/images/charles-lapicque/ezechiel-mesurant-le-temple-1973.jpg
https://uploads8.wikiart.org/images/john-brack/the-fish-shop-1955.jpg
https://uploads8.wikiart.org/images/mario-comensoli/la-bague-1993.jpg
https://uploads2.wikiart.org/images/stanley-pinker/locquats.jpg
https://uploads8.wikiart.org/images/roland-petersen/untitled-1965.jpg
https://uploads0.wikiart.org/00218/images/joe-tilson/ziggurat-1963.jpg
https://uploads6.wikiart.org/images/walasse-ting/abstract-with-bird-1960.jpg
https://uploads2.wikiart.org/images/lourdes-castro/sombras-brancas-i.jpg
https://uploads7.wikiart.org/images/tom-wesselmann/monica-sitting-with-legs-spread.jpg
https://uploads8.wikiart.org/images/erro/le-mirroir-2007.jpg
https://uploads4.wikiart.org/images/marjorie-strider/nestle-s-box-1973.jpg
https://uploads2.wikiart.org/images/konrad-klapheck/the-swagger-1965.jpg
https://uploads6.wikiart.org/images/evelyne-axell/l-assembl-e-libre-1970.jpg
https://uploads5.wikiart.org/images/george-frederick-watts/adam-and-eve.jpg
https://uploads4.wikiart.org/images/arnold-b-cklin/destroyed-house-in-kehl-1870.jpg
https://uploads2.wikiart.org/images/albert-pinkham-ryder/at-the-ford.jpg
https://uploads2.wikiart.org/images/ferdinand-hodler/a-troubled-soul.jpg
https://uploads4.wikiart.org/00219/images/evelyn-de-morgan/angel-piping-to-the-souls-in-hell-1897.jpg
https://uploads3.wikiart.org/images/fernand-khnopff/portrait-of-mrs-botte-1896.jpg
https://uploads0.wikiart.org/images/james-ensor/ensor-at-the-harmonium-1933.jpg
https://uploads1.wikiart.org/00313/images/joan-brull/tanqueu-les-portes-il-lustraci-d-un-text-de-josep-pin-i-soler-joan-brull-i-vinyoles-1863-1912-0.jpg
https://uploads2.wikiart.org/images/vilhelm-hammershoi/interior-with-ida-playing-the-piano-1910.jpg
https://uploads7.wikiart.org/images/georges-lacombe/boatwomen-in-brittany.jpg
https://uploads4.wikiart.org/images/victor-borisov-musatov/a-walk-1901.jpg
https://uploads4.wikiart.org/images/maxfield-parrish/grand-canyon-1902.jpg
https://uploads1.wikiart.org/images/maxfield-parrish/lady-ursula-kneeling-before-pompdebile-from-the-knave-of-hearts-1924.jpg
https://uploads1.wikiart.org/images/willi-baumeister/animated-landscape-1946.jpg
https://uploads3.wikiart.org/images/bice-lazzari/composizione-1951(2).jpg
https://uploads5.wikiart.org/images/maurice-esteve/assaba-1983.jpg
https://uploads6.wikiart.org/images/giuseppe-santomaso/la-graticola-1948.jpg
https://uploads2.wikiart.org/images/raoul-ubac/le-bout-du-champ-1972.jpg
https://uploads1.wikiart.org/images/nicolas-de-sta-l/agrigente-1953.jpg
https://uploads6.wikiart.org/images/alberto-burri/untitled-1952.jpg
https://uploads2.wikiart.org/images/huguette-arthur-bertrand/composition-1963.jpg
https://uploads3.wikiart.org/images/georges-mathieu/arbres-ail-s-1989.jpg
https://uploads2.wikiart.org/images/emilio-scanavino/immovilita-1960.jpg
https://uploads7.wikiart.org/images/albert-rafols-casamada/barcelona-triangle-1987.jpg
https://uploads3.wikiart.org/images/antoni-t-pies/calligraphique-1987.jpg
https://uploads4.wikiart.org/00402/images/bela-kadar/k-d-r-b-la-art-deco-madonna.JPG
https://uploads0.wikiart.org/00334/images/maria-blanchard/bodeg-n-con-caja-de-cerillas-1918.jpg
https://uploads4.wikiart.org/images/albert-gleizes/landscape-with-chimneys-1913.jpg
https://uploads4.wikiart.org/images/jean-metzinger/fleur-rose-dans-un-vase-1902.jpg
https://uploads0.wikiart.org/images/andr-lhote/mirmande-jaune-1956.jpg
https://uploads2.wikiart.org/images/olexandr-archipenko/arabian-1940.jpg
https://uploads0.wikiart.org/images/jury-annenkov/abram-efros-1921.jpg
https://uploads3.wikiart.org/images/ossip-zadkine/at-the-water-s-edge.jpg
----------https://uploads0.wikiart.org/images/jean-fouquet/capture-of-jerusalem-by-herod-the-great-1475.jpg
https://uploads4.wikiart.org/00372/images/john-glover/screenshot-2021-12-21-152829.png
https://uploads4.wikiart.org/images/jean-baptiste-simeon-chardin/girl-with-racket-and-shuttlecock.jpg
https://uploads8.wikiart.org/images/hassel-smith/untitled-10-1986.jpg
https://uploads5.wikiart.org/images/el-lissitzky/central-park-of-culture-and-leisure-sparrow-hills.jpg
https://uploads1.wikiart.org/images/pierre-bonnard/ambroise-vollard.jpg
https://uploads4.wikiart.org/images/maxfield-parrish/grand-canyon-1902.jpg
https://uploads1.wikiart.org/images/maxfield-parrish/lady-ursula-kneeling-before-pompdebile-from-the-knave-of-hearts-1924.jpg
--------------------------------------------------------
https://uploads0.wikiart.org/images/jean-fouquet/capture-of-jerusalem-by-herod-the-great-1475.jpg
https://uploads4.wikiart.org/00372/images/john-glover/screenshot-2021-12-21-152829.png
https://uploads4.wikiart.org/images/jean-baptiste-simeon-chardin/girl-with-racket-and-shuttlecock.jpg
https://uploads8.wikiart.org/images/hassel-smith/untitled-10-1986.jpg
https://uploads5.wikiart.org/images/el-lissitzky/central-park-of-culture-and-leisure-sparrow-hills.jpg
https://uploads1.wikiart.org/images/pierre-bonnard/ambroise-vollard.jpg
https://uploads4.wikiart.org/images/maxfield-parrish/grand-canyon-1902.jpg
https://uploads1.wikiart.org/images/maxfield-parrish/lady-ursula-kneeling-before-pompdebile-from-the-knave-of-hearts-1924.jpg
https://uploads0.wikiart.org/images/jean-fouquet/capture-of-jerusalem-by-herod-the-great-1475.jpg
https://uploads4.wikiart.org/00372/images/john-glover/screenshot-2021-12-21-152829.png
https://uploads4.wikiart.org/images/jean-baptiste-simeon-chardin/girl-with-racket-and-shuttlecock.jpg
https://uploads8.wikiart.org/images/hassel-smith/untitled-10-1986.jpg
https://uploads5.wikiart.org/images/el-lissitzky/central-park-of-culture-and-leisure-sparrow-hills.jpg
https://uploads1.wikiart.org/images/pierre-bonnard/ambroise-vollard.jpg
